{"C:\\Users\\GustavoDeltta\\Documents\\ADS-IFCE\\economizaplus-backend\\src\\application\\services\\CategoryService.ts": {"path":"C:\\Users\\GustavoDeltta\\Documents\\ADS-IFCE\\economizaplus-backend\\src\\application\\services\\CategoryService.ts","statementMap":{"0":{"start":{"line":8,"column":24},"end":{"line":8,"column":73}},"1":{"start":{"line":12,"column":23},"end":{"line":12,"column":79}},"2":{"start":{"line":14,"column":8},"end":{"line":15,"column":null}},"3":{"start":{"line":15,"column":12},"end":{"line":15,"column":null}},"4":{"start":{"line":18,"column":25},"end":{"line":18,"column":64}},"5":{"start":{"line":20,"column":32},"end":{"line":20,"column":78}},"6":{"start":{"line":22,"column":8},"end":{"line":26,"column":null}},"7":{"start":{"line":30,"column":25},"end":{"line":30,"column":84}},"8":{"start":{"line":31,"column":8},"end":{"line":32,"column":null}},"9":{"start":{"line":32,"column":12},"end":{"line":32,"column":null}},"10":{"start":{"line":35,"column":25},"end":{"line":35,"column":78}},"11":{"start":{"line":36,"column":8},"end":{"line":37,"column":null}},"12":{"start":{"line":37,"column":12},"end":{"line":37,"column":null}},"13":{"start":{"line":39,"column":8},"end":{"line":43,"column":null}},"14":{"start":{"line":47,"column":25},"end":{"line":47,"column":84}},"15":{"start":{"line":48,"column":8},"end":{"line":49,"column":null}},"16":{"start":{"line":49,"column":12},"end":{"line":49,"column":null}},"17":{"start":{"line":52,"column":25},"end":{"line":52,"column":65}},"18":{"start":{"line":53,"column":8},"end":{"line":54,"column":null}},"19":{"start":{"line":54,"column":12},"end":{"line":54,"column":null}},"20":{"start":{"line":56,"column":8},"end":{"line":60,"column":null}},"21":{"start":{"line":64,"column":25},"end":{"line":64,"column":81}},"22":{"start":{"line":65,"column":8},"end":{"line":66,"column":null}},"23":{"start":{"line":66,"column":12},"end":{"line":66,"column":null}},"24":{"start":{"line":68,"column":8},"end":{"line":72,"column":null}},"25":{"start":{"line":76,"column":27},"end":{"line":76,"column":80}},"26":{"start":{"line":77,"column":8},"end":{"line":81,"column":null}},"27":{"start":{"line":77,"column":43},"end":{"line":81,"column":11}}},"fnMap":{"0":{"name":"(anonymous_0)","decl":{"start":{"line":8,"column":4},"end":{"line":8,"column":16}},"loc":{"start":{"line":8,"column":73},"end":{"line":8,"column":73}},"line":8},"1":{"name":"(anonymous_1)","decl":{"start":{"line":10,"column":10},"end":{"line":10,"column":25}},"loc":{"start":{"line":10,"column":100},"end":{"line":26,"column":null}},"line":10},"2":{"name":"(anonymous_2)","decl":{"start":{"line":29,"column":10},"end":{"line":29,"column":25}},"loc":{"start":{"line":29,"column":112},"end":{"line":43,"column":null}},"line":29},"3":{"name":"(anonymous_3)","decl":{"start":{"line":46,"column":10},"end":{"line":46,"column":25}},"loc":{"start":{"line":46,"column":83},"end":{"line":60,"column":null}},"line":46},"4":{"name":"(anonymous_4)","decl":{"start":{"line":63,"column":10},"end":{"line":63,"column":28}},"loc":{"start":{"line":63,"column":88},"end":{"line":72,"column":null}},"line":63},"5":{"name":"(anonymous_5)","decl":{"start":{"line":75,"column":10},"end":{"line":75,"column":35}},"loc":{"start":{"line":75,"column":83},"end":{"line":81,"column":null}},"line":75},"6":{"name":"(anonymous_6)","decl":{"start":{"line":77,"column":26},"end":{"line":77,"column":30}},"loc":{"start":{"line":77,"column":43},"end":{"line":81,"column":11}},"line":77}},"branchMap":{"0":{"loc":{"start":{"line":14,"column":8},"end":{"line":15,"column":null}},"type":"if","locations":[{"start":{"line":14,"column":8},"end":{"line":15,"column":null}},{"start":{},"end":{}}],"line":14},"1":{"loc":{"start":{"line":31,"column":8},"end":{"line":32,"column":null}},"type":"if","locations":[{"start":{"line":31,"column":8},"end":{"line":32,"column":null}},{"start":{},"end":{}}],"line":31},"2":{"loc":{"start":{"line":36,"column":8},"end":{"line":37,"column":null}},"type":"if","locations":[{"start":{"line":36,"column":8},"end":{"line":37,"column":null}},{"start":{},"end":{}}],"line":36},"3":{"loc":{"start":{"line":48,"column":8},"end":{"line":49,"column":null}},"type":"if","locations":[{"start":{"line":48,"column":8},"end":{"line":49,"column":null}},{"start":{},"end":{}}],"line":48},"4":{"loc":{"start":{"line":53,"column":8},"end":{"line":54,"column":null}},"type":"if","locations":[{"start":{"line":53,"column":8},"end":{"line":54,"column":null}},{"start":{},"end":{}}],"line":53},"5":{"loc":{"start":{"line":65,"column":8},"end":{"line":66,"column":null}},"type":"if","locations":[{"start":{"line":65,"column":8},"end":{"line":66,"column":null}},{"start":{},"end":{}}],"line":65}},"s":{"0":15,"1":17,"2":17,"3":1,"4":16,"5":16,"6":16,"7":3,"8":3,"9":2,"10":1,"11":1,"12":0,"13":1,"14":4,"15":4,"16":3,"17":1,"18":1,"19":0,"20":1,"21":2,"22":2,"23":1,"24":1,"25":4,"26":4,"27":4},"f":{"0":15,"1":17,"2":3,"3":4,"4":2,"5":4,"6":4},"b":{"0":[1,16],"1":[2,1],"2":[0,1],"3":[3,1],"4":[0,1],"5":[1,1]},"meta":{"lastBranch":6,"lastFunction":7,"lastStatement":28,"seen":{"f:8:4:8:16":0,"s:8:24:8:73":0,"f:10:10:10:25":1,"s:12:23:12:79":1,"b:14:8:15:Infinity:undefined:undefined:undefined:undefined":0,"s:14:8:15:Infinity":2,"s:15:12:15:Infinity":3,"s:18:25:18:64":4,"s:20:32:20:78":5,"s:22:8:26:Infinity":6,"f:29:10:29:25":2,"s:30:25:30:84":7,"b:31:8:32:Infinity:undefined:undefined:undefined:undefined":1,"s:31:8:32:Infinity":8,"s:32:12:32:Infinity":9,"s:35:25:35:78":10,"b:36:8:37:Infinity:undefined:undefined:undefined:undefined":2,"s:36:8:37:Infinity":11,"s:37:12:37:Infinity":12,"s:39:8:43:Infinity":13,"f:46:10:46:25":3,"s:47:25:47:84":14,"b:48:8:49:Infinity:undefined:undefined:undefined:undefined":3,"s:48:8:49:Infinity":15,"s:49:12:49:Infinity":16,"s:52:25:52:65":17,"b:53:8:54:Infinity:undefined:undefined:undefined:undefined":4,"s:53:8:54:Infinity":18,"s:54:12:54:Infinity":19,"s:56:8:60:Infinity":20,"f:63:10:63:28":4,"s:64:25:64:81":21,"b:65:8:66:Infinity:undefined:undefined:undefined:undefined":5,"s:65:8:66:Infinity":22,"s:66:12:66:Infinity":23,"s:68:8:72:Infinity":24,"f:75:10:75:35":5,"s:76:27:76:80":25,"s:77:8:81:Infinity":26,"f:77:26:77:30":6,"s:77:43:81:11":27}}}
,"C:\\Users\\GustavoDeltta\\Documents\\ADS-IFCE\\economizaplus-backend\\src\\application\\services\\GoalService.ts": {"path":"C:\\Users\\GustavoDeltta\\Documents\\ADS-IFCE\\economizaplus-backend\\src\\application\\services\\GoalService.ts","statementMap":{"0":{"start":{"line":8,"column":24},"end":{"line":8,"column":65}},"1":{"start":{"line":12,"column":23},"end":{"line":12,"column":65}},"2":{"start":{"line":14,"column":8},"end":{"line":15,"column":null}},"3":{"start":{"line":15,"column":12},"end":{"line":15,"column":null}},"4":{"start":{"line":18,"column":21},"end":{"line":18,"column":81}},"5":{"start":{"line":20,"column":8},"end":{"line":20,"column":null}},"6":{"start":{"line":24,"column":25},"end":{"line":24,"column":80}},"7":{"start":{"line":25,"column":8},"end":{"line":26,"column":null}},"8":{"start":{"line":26,"column":12},"end":{"line":26,"column":null}},"9":{"start":{"line":29,"column":21},"end":{"line":29,"column":87}},"10":{"start":{"line":30,"column":8},"end":{"line":31,"column":null}},"11":{"start":{"line":31,"column":12},"end":{"line":31,"column":null}},"12":{"start":{"line":33,"column":8},"end":{"line":33,"column":null}},"13":{"start":{"line":37,"column":21},"end":{"line":37,"column":76}},"14":{"start":{"line":38,"column":8},"end":{"line":39,"column":null}},"15":{"start":{"line":39,"column":12},"end":{"line":39,"column":null}},"16":{"start":{"line":41,"column":8},"end":{"line":41,"column":null}},"17":{"start":{"line":45,"column":21},"end":{"line":45,"column":63}},"18":{"start":{"line":46,"column":8},"end":{"line":47,"column":null}},"19":{"start":{"line":47,"column":12},"end":{"line":47,"column":null}},"20":{"start":{"line":49,"column":8},"end":{"line":49,"column":null}},"21":{"start":{"line":53,"column":8},"end":{"line":53,"column":null}}},"fnMap":{"0":{"name":"(anonymous_0)","decl":{"start":{"line":8,"column":4},"end":{"line":8,"column":16}},"loc":{"start":{"line":8,"column":65},"end":{"line":8,"column":65}},"line":8},"1":{"name":"(anonymous_1)","decl":{"start":{"line":10,"column":10},"end":{"line":10,"column":21}},"loc":{"start":{"line":10,"column":90},"end":{"line":20,"column":null}},"line":10},"2":{"name":"(anonymous_2)","decl":{"start":{"line":23,"column":10},"end":{"line":23,"column":21}},"loc":{"start":{"line":23,"column":102},"end":{"line":33,"column":null}},"line":23},"3":{"name":"(anonymous_3)","decl":{"start":{"line":36,"column":10},"end":{"line":36,"column":21}},"loc":{"start":{"line":36,"column":49},"end":{"line":41,"column":null}},"line":36},"4":{"name":"(anonymous_4)","decl":{"start":{"line":44,"column":10},"end":{"line":44,"column":24}},"loc":{"start":{"line":44,"column":38},"end":{"line":49,"column":null}},"line":44},"5":{"name":"(anonymous_5)","decl":{"start":{"line":52,"column":10},"end":{"line":52,"column":30}},"loc":{"start":{"line":52,"column":46},"end":{"line":53,"column":null}},"line":52}},"branchMap":{"0":{"loc":{"start":{"line":14,"column":8},"end":{"line":15,"column":null}},"type":"if","locations":[{"start":{"line":14,"column":8},"end":{"line":15,"column":null}},{"start":{},"end":{}}],"line":14},"1":{"loc":{"start":{"line":25,"column":8},"end":{"line":26,"column":null}},"type":"if","locations":[{"start":{"line":25,"column":8},"end":{"line":26,"column":null}},{"start":{},"end":{}}],"line":25},"2":{"loc":{"start":{"line":30,"column":8},"end":{"line":31,"column":null}},"type":"if","locations":[{"start":{"line":30,"column":8},"end":{"line":31,"column":null}},{"start":{},"end":{}}],"line":30},"3":{"loc":{"start":{"line":38,"column":8},"end":{"line":39,"column":null}},"type":"if","locations":[{"start":{"line":38,"column":8},"end":{"line":39,"column":null}},{"start":{},"end":{}}],"line":38},"4":{"loc":{"start":{"line":46,"column":8},"end":{"line":47,"column":null}},"type":"if","locations":[{"start":{"line":46,"column":8},"end":{"line":47,"column":null}},{"start":{},"end":{}}],"line":46}},"s":{"0":14,"1":12,"2":12,"3":1,"4":11,"5":11,"6":3,"7":3,"8":2,"9":1,"10":1,"11":0,"12":1,"13":3,"14":3,"15":2,"16":1,"17":2,"18":2,"19":1,"20":1,"21":2},"f":{"0":14,"1":12,"2":3,"3":3,"4":2,"5":2},"b":{"0":[1,11],"1":[2,1],"2":[0,1],"3":[2,1],"4":[1,1]},"meta":{"lastBranch":5,"lastFunction":6,"lastStatement":22,"seen":{"f:8:4:8:16":0,"s:8:24:8:65":0,"f:10:10:10:21":1,"s:12:23:12:65":1,"b:14:8:15:Infinity:undefined:undefined:undefined:undefined":0,"s:14:8:15:Infinity":2,"s:15:12:15:Infinity":3,"s:18:21:18:81":4,"s:20:8:20:Infinity":5,"f:23:10:23:21":2,"s:24:25:24:80":6,"b:25:8:26:Infinity:undefined:undefined:undefined:undefined":1,"s:25:8:26:Infinity":7,"s:26:12:26:Infinity":8,"s:29:21:29:87":9,"b:30:8:31:Infinity:undefined:undefined:undefined:undefined":2,"s:30:8:31:Infinity":10,"s:31:12:31:Infinity":11,"s:33:8:33:Infinity":12,"f:36:10:36:21":3,"s:37:21:37:76":13,"b:38:8:39:Infinity:undefined:undefined:undefined:undefined":3,"s:38:8:39:Infinity":14,"s:39:12:39:Infinity":15,"s:41:8:41:Infinity":16,"f:44:10:44:24":4,"s:45:21:45:63":17,"b:46:8:47:Infinity:undefined:undefined:undefined:undefined":4,"s:46:8:47:Infinity":18,"s:47:12:47:Infinity":19,"s:49:8:49:Infinity":20,"f:52:10:52:30":5,"s:53:8:53:Infinity":21}}}
,"C:\\Users\\GustavoDeltta\\Documents\\ADS-IFCE\\economizaplus-backend\\src\\application\\services\\LoginService.ts": {"path":"C:\\Users\\GustavoDeltta\\Documents\\ADS-IFCE\\economizaplus-backend\\src\\application\\services\\LoginService.ts","statementMap":{"0":{"start":{"line":8,"column":12},"end":{"line":8,"column":null}},"1":{"start":{"line":9,"column":12},"end":{"line":9,"column":null}},"2":{"start":{"line":12,"column":17},"end":{"line":12,"column":61}},"3":{"start":{"line":14,"column":4},"end":{"line":15,"column":null}},"4":{"start":{"line":15,"column":6},"end":{"line":15,"column":null}},"5":{"start":{"line":18,"column":26},"end":{"line":18,"column":71}},"6":{"start":{"line":20,"column":4},"end":{"line":21,"column":null}},"7":{"start":{"line":21,"column":6},"end":{"line":21,"column":null}},"8":{"start":{"line":24,"column":18},"end":{"line":28,"column":8}},"9":{"start":{"line":30,"column":4},"end":{"line":30,"column":null}}},"fnMap":{"0":{"name":"(anonymous_0)","decl":{"start":{"line":7,"column":2},"end":{"line":7,"column":null}},"loc":{"start":{"line":10,"column":4},"end":{"line":9,"column":null}},"line":10},"1":{"name":"(anonymous_1)","decl":{"start":{"line":11,"column":8},"end":{"line":11,"column":14}},"loc":{"start":{"line":11,"column":47},"end":{"line":30,"column":null}},"line":11}},"branchMap":{"0":{"loc":{"start":{"line":14,"column":4},"end":{"line":15,"column":null}},"type":"if","locations":[{"start":{"line":14,"column":4},"end":{"line":15,"column":null}},{"start":{},"end":{}}],"line":14},"1":{"loc":{"start":{"line":20,"column":4},"end":{"line":21,"column":null}},"type":"if","locations":[{"start":{"line":20,"column":4},"end":{"line":21,"column":null}},{"start":{},"end":{}}],"line":20}},"s":{"0":6,"1":6,"2":9,"3":9,"4":3,"5":6,"6":6,"7":3,"8":3,"9":3},"f":{"0":6,"1":9},"b":{"0":[3,6],"1":[3,3]},"meta":{"lastBranch":2,"lastFunction":2,"lastStatement":10,"seen":{"f:7:2:7:Infinity":0,"s:8:12:8:Infinity":0,"s:9:12:9:Infinity":1,"f:11:8:11:14":1,"s:12:17:12:61":2,"b:14:4:15:Infinity:undefined:undefined:undefined:undefined":0,"s:14:4:15:Infinity":3,"s:15:6:15:Infinity":4,"s:18:26:18:71":5,"b:20:4:21:Infinity:undefined:undefined:undefined:undefined":1,"s:20:4:21:Infinity":6,"s:21:6:21:Infinity":7,"s:24:18:28:8":8,"s:30:4:30:Infinity":9}}}
,"C:\\Users\\GustavoDeltta\\Documents\\ADS-IFCE\\economizaplus-backend\\src\\application\\services\\UserService.ts": {"path":"C:\\Users\\GustavoDeltta\\Documents\\ADS-IFCE\\economizaplus-backend\\src\\application\\services\\UserService.ts","statementMap":{"0":{"start":{"line":9,"column":22},"end":{"line":9,"column":63}},"1":{"start":{"line":9,"column":71},"end":{"line":9,"column":103}},"2":{"start":{"line":12,"column":19},"end":{"line":12,"column":63}},"3":{"start":{"line":14,"column":4},"end":{"line":15,"column":null}},"4":{"start":{"line":15,"column":6},"end":{"line":15,"column":null}},"5":{"start":{"line":18,"column":27},"end":{"line":18,"column":67}},"6":{"start":{"line":20,"column":17},"end":{"line":20,"column":74}},"7":{"start":{"line":22,"column":4},"end":{"line":22,"column":null}},"8":{"start":{"line":26,"column":17},"end":{"line":26,"column":59}},"9":{"start":{"line":27,"column":4},"end":{"line":28,"column":null}},"10":{"start":{"line":28,"column":6},"end":{"line":28,"column":null}},"11":{"start":{"line":30,"column":4},"end":{"line":35,"column":null}},"12":{"start":{"line":40,"column":17},"end":{"line":40,"column":55}},"13":{"start":{"line":42,"column":4},"end":{"line":43,"column":null}},"14":{"start":{"line":43,"column":6},"end":{"line":43,"column":null}},"15":{"start":{"line":46,"column":4},"end":{"line":46,"column":null}},"16":{"start":{"line":50,"column":16},"end":{"line":50,"column":51}},"17":{"start":{"line":52,"column":2},"end":{"line":56,"column":null}},"18":{"start":{"line":52,"column":28},"end":{"line":56,"column":7}},"19":{"start":{"line":60,"column":17},"end":{"line":60,"column":55}},"20":{"start":{"line":62,"column":4},"end":{"line":63,"column":null}},"21":{"start":{"line":63,"column":6},"end":{"line":63,"column":null}},"22":{"start":{"line":66,"column":24},"end":{"line":66,"column":73}},"23":{"start":{"line":68,"column":4},"end":{"line":72,"column":null}},"24":{"start":{"line":76,"column":17},"end":{"line":76,"column":55}},"25":{"start":{"line":77,"column":4},"end":{"line":78,"column":null}},"26":{"start":{"line":78,"column":6},"end":{"line":78,"column":null}},"27":{"start":{"line":80,"column":24},"end":{"line":80,"column":60}},"28":{"start":{"line":82,"column":4},"end":{"line":88,"column":null}}},"fnMap":{"0":{"name":"(anonymous_0)","decl":{"start":{"line":9,"column":2},"end":{"line":9,"column":14}},"loc":{"start":{"line":9,"column":103},"end":{"line":9,"column":103}},"line":9},"1":{"name":"(anonymous_1)","decl":{"start":{"line":11,"column":8},"end":{"line":11,"column":19}},"loc":{"start":{"line":11,"column":80},"end":{"line":22,"column":null}},"line":11},"2":{"name":"(anonymous_2)","decl":{"start":{"line":25,"column":8},"end":{"line":25,"column":19}},"loc":{"start":{"line":25,"column":35},"end":{"line":35,"column":null}},"line":25},"3":{"name":"(anonymous_3)","decl":{"start":{"line":39,"column":8},"end":{"line":39,"column":20}},"loc":{"start":{"line":39,"column":32},"end":{"line":46,"column":null}},"line":39},"4":{"name":"(anonymous_4)","decl":{"start":{"line":49,"column":8},"end":{"line":49,"column":50}},"loc":{"start":{"line":49,"column":50},"end":{"line":56,"column":null}},"line":49},"5":{"name":"(anonymous_5)","decl":{"start":{"line":52,"column":15},"end":{"line":52,"column":19}},"loc":{"start":{"line":52,"column":28},"end":{"line":56,"column":7}},"line":52},"6":{"name":"(anonymous_6)","decl":{"start":{"line":59,"column":8},"end":{"line":59,"column":19}},"loc":{"start":{"line":59,"column":86},"end":{"line":72,"column":null}},"line":59},"7":{"name":"(anonymous_7)","decl":{"start":{"line":75,"column":8},"end":{"line":75,"column":19}},"loc":{"start":{"line":75,"column":46},"end":{"line":88,"column":null}},"line":75}},"branchMap":{"0":{"loc":{"start":{"line":14,"column":4},"end":{"line":15,"column":null}},"type":"if","locations":[{"start":{"line":14,"column":4},"end":{"line":15,"column":null}},{"start":{},"end":{}}],"line":14},"1":{"loc":{"start":{"line":27,"column":4},"end":{"line":28,"column":null}},"type":"if","locations":[{"start":{"line":27,"column":4},"end":{"line":28,"column":null}},{"start":{},"end":{}}],"line":27},"2":{"loc":{"start":{"line":42,"column":4},"end":{"line":43,"column":null}},"type":"if","locations":[{"start":{"line":42,"column":4},"end":{"line":43,"column":null}},{"start":{},"end":{}}],"line":42},"3":{"loc":{"start":{"line":62,"column":4},"end":{"line":63,"column":null}},"type":"if","locations":[{"start":{"line":62,"column":4},"end":{"line":63,"column":null}},{"start":{},"end":{}}],"line":62},"4":{"loc":{"start":{"line":77,"column":4},"end":{"line":78,"column":null}},"type":"if","locations":[{"start":{"line":77,"column":4},"end":{"line":78,"column":null}},{"start":{},"end":{}}],"line":77}},"s":{"0":12,"1":12,"2":12,"3":12,"4":2,"5":10,"6":10,"7":10,"8":3,"9":3,"10":1,"11":2,"12":0,"13":0,"14":0,"15":0,"16":2,"17":2,"18":2,"19":2,"20":2,"21":1,"22":1,"23":1,"24":2,"25":2,"26":1,"27":1,"28":1},"f":{"0":12,"1":12,"2":3,"3":0,"4":2,"5":2,"6":2,"7":2},"b":{"0":[2,10],"1":[1,2],"2":[0,0],"3":[1,1],"4":[1,1]},"meta":{"lastBranch":5,"lastFunction":8,"lastStatement":29,"seen":{"f:9:2:9:14":0,"s:9:22:9:63":0,"s:9:71:9:103":1,"f:11:8:11:19":1,"s:12:19:12:63":2,"b:14:4:15:Infinity:undefined:undefined:undefined:undefined":0,"s:14:4:15:Infinity":3,"s:15:6:15:Infinity":4,"s:18:27:18:67":5,"s:20:17:20:74":6,"s:22:4:22:Infinity":7,"f:25:8:25:19":2,"s:26:17:26:59":8,"b:27:4:28:Infinity:undefined:undefined:undefined:undefined":1,"s:27:4:28:Infinity":9,"s:28:6:28:Infinity":10,"s:30:4:35:Infinity":11,"f:39:8:39:20":3,"s:40:17:40:55":12,"b:42:4:43:Infinity:undefined:undefined:undefined:undefined":2,"s:42:4:43:Infinity":13,"s:43:6:43:Infinity":14,"s:46:4:46:Infinity":15,"f:49:8:49:50":4,"s:50:16:50:51":16,"s:52:2:56:Infinity":17,"f:52:15:52:19":5,"s:52:28:56:7":18,"f:59:8:59:19":6,"s:60:17:60:55":19,"b:62:4:63:Infinity:undefined:undefined:undefined:undefined":3,"s:62:4:63:Infinity":20,"s:63:6:63:Infinity":21,"s:66:24:66:73":22,"s:68:4:72:Infinity":23,"f:75:8:75:19":7,"s:76:17:76:55":24,"b:77:4:78:Infinity:undefined:undefined:undefined:undefined":4,"s:77:4:78:Infinity":25,"s:78:6:78:Infinity":26,"s:80:24:80:60":27,"s:82:4:88:Infinity":28}}}
}
